[0.046s] DEBUG:colcon:Command line arguments: ['/usr/bin/colcon', 'build']
[0.046s] DEBUG:colcon:Parsed command line arguments: Namespace(log_base=None, log_level=None, verb_name='build', build_base='build', install_base='install', merge_install=False, symlink_install=False, test_result_base=None, continue_on_error=False, executor='parallel', parallel_workers=28, event_handlers=None, ignore_user_meta=False, metas=['./colcon.meta'], base_paths=['.'], packages_ignore=None, packages_ignore_regex=None, paths=None, packages_up_to=None, packages_up_to_regex=None, packages_above=None, packages_above_and_dependencies=None, packages_above_depth=None, packages_select_by_dep=None, packages_skip_by_dep=None, packages_skip_up_to=None, packages_select_build_failed=False, packages_skip_build_finished=False, packages_select_test_failures=False, packages_skip_test_passed=False, packages_select=None, packages_skip=None, packages_select_regex=None, packages_skip_regex=None, packages_start=None, packages_end=None, allow_overriding=[], cmake_args=None, cmake_target=None, cmake_target_skip_unavailable=False, cmake_clean_cache=False, cmake_clean_first=False, cmake_force_configure=False, ament_cmake_args=None, catkin_cmake_args=None, catkin_skip_building_tests=False, mixin_files=None, mixin=None, verb_parser=<colcon_mixin.mixin.mixin_argument.MixinArgumentDecorator object at 0x7f0eea7a67d0>, verb_extension=<colcon_core.verb.build.BuildVerb object at 0x7f0eea8b2e00>, main=<bound method BuildVerb.main of <colcon_core.verb.build.BuildVerb object at 0x7f0eea8b2e00>>, mixin_verb=('build',))
[0.113s] Level 1:colcon.colcon_core.package_discovery:discover_packages(colcon_meta) check parameters
[0.113s] Level 1:colcon.colcon_core.package_discovery:discover_packages(recursive) check parameters
[0.113s] Level 1:colcon.colcon_core.package_discovery:discover_packages(ignore) check parameters
[0.113s] Level 1:colcon.colcon_core.package_discovery:discover_packages(path) check parameters
[0.113s] Level 1:colcon.colcon_core.package_discovery:discover_packages(colcon_meta) discover
[0.113s] Level 1:colcon.colcon_core.package_discovery:discover_packages(recursive) discover
[0.113s] INFO:colcon.colcon_core.package_discovery:Crawling recursively for packages in '/home/sultan/ros2_ws'
[0.113s] Level 1:colcon.colcon_core.package_identification:_identify(.) by extensions ['ignore', 'ignore_ament_install']
[0.114s] Level 1:colcon.colcon_core.package_identification:_identify(.) by extension 'ignore'
[0.114s] Level 1:colcon.colcon_core.package_identification:_identify(.) by extension 'ignore_ament_install'
[0.114s] Level 1:colcon.colcon_core.package_identification:_identify(.) by extensions ['colcon_pkg']
[0.114s] Level 1:colcon.colcon_core.package_identification:_identify(.) by extension 'colcon_pkg'
[0.114s] Level 1:colcon.colcon_core.package_identification:_identify(.) by extensions ['colcon_meta']
[0.114s] Level 1:colcon.colcon_core.package_identification:_identify(.) by extension 'colcon_meta'
[0.114s] Level 1:colcon.colcon_core.package_identification:_identify(.) by extensions ['ros']
[0.114s] Level 1:colcon.colcon_core.package_identification:_identify(.) by extension 'ros'
[0.119s] Level 1:colcon.colcon_core.package_identification:_identify(.) by extensions ['cmake', 'python']
[0.119s] Level 1:colcon.colcon_core.package_identification:_identify(.) by extension 'cmake'
[0.119s] Level 1:colcon.colcon_core.package_identification:_identify(.) by extension 'python'
[0.119s] Level 1:colcon.colcon_core.package_identification:_identify(.) by extensions ['python_setup_py']
[0.119s] Level 1:colcon.colcon_core.package_identification:_identify(.) by extension 'python_setup_py'
[0.119s] Level 1:colcon.colcon_core.package_identification:_identify(build) by extensions ['ignore', 'ignore_ament_install']
[0.119s] Level 1:colcon.colcon_core.package_identification:_identify(build) by extension 'ignore'
[0.119s] Level 1:colcon.colcon_core.package_identification:_identify(build) ignored
[0.119s] Level 1:colcon.colcon_core.package_identification:_identify(install) by extensions ['ignore', 'ignore_ament_install']
[0.119s] Level 1:colcon.colcon_core.package_identification:_identify(install) by extension 'ignore'
[0.119s] Level 1:colcon.colcon_core.package_identification:_identify(install) ignored
[0.119s] Level 1:colcon.colcon_core.package_identification:_identify(log) by extensions ['ignore', 'ignore_ament_install']
[0.119s] Level 1:colcon.colcon_core.package_identification:_identify(log) by extension 'ignore'
[0.119s] Level 1:colcon.colcon_core.package_identification:_identify(log) ignored
[0.119s] Level 1:colcon.colcon_core.package_identification:_identify(src) by extensions ['ignore', 'ignore_ament_install']
[0.119s] Level 1:colcon.colcon_core.package_identification:_identify(src) by extension 'ignore'
[0.119s] Level 1:colcon.colcon_core.package_identification:_identify(src) by extension 'ignore_ament_install'
[0.119s] Level 1:colcon.colcon_core.package_identification:_identify(src) by extensions ['colcon_pkg']
[0.119s] Level 1:colcon.colcon_core.package_identification:_identify(src) by extension 'colcon_pkg'
[0.119s] Level 1:colcon.colcon_core.package_identification:_identify(src) by extensions ['colcon_meta']
[0.119s] Level 1:colcon.colcon_core.package_identification:_identify(src) by extension 'colcon_meta'
[0.119s] Level 1:colcon.colcon_core.package_identification:_identify(src) by extensions ['ros']
[0.119s] Level 1:colcon.colcon_core.package_identification:_identify(src) by extension 'ros'
[0.119s] Level 1:colcon.colcon_core.package_identification:_identify(src) by extensions ['cmake', 'python']
[0.119s] Level 1:colcon.colcon_core.package_identification:_identify(src) by extension 'cmake'
[0.119s] Level 1:colcon.colcon_core.package_identification:_identify(src) by extension 'python'
[0.119s] Level 1:colcon.colcon_core.package_identification:_identify(src) by extensions ['python_setup_py']
[0.119s] Level 1:colcon.colcon_core.package_identification:_identify(src) by extension 'python_setup_py'
[0.119s] Level 1:colcon.colcon_core.package_identification:_identify(src/open3d_conversions) by extensions ['ignore', 'ignore_ament_install']
[0.120s] Level 1:colcon.colcon_core.package_identification:_identify(src/open3d_conversions) by extension 'ignore'
[0.120s] Level 1:colcon.colcon_core.package_identification:_identify(src/open3d_conversions) by extension 'ignore_ament_install'
[0.120s] Level 1:colcon.colcon_core.package_identification:_identify(src/open3d_conversions) by extensions ['colcon_pkg']
[0.120s] Level 1:colcon.colcon_core.package_identification:_identify(src/open3d_conversions) by extension 'colcon_pkg'
[0.120s] Level 1:colcon.colcon_core.package_identification:_identify(src/open3d_conversions) by extensions ['colcon_meta']
[0.120s] Level 1:colcon.colcon_core.package_identification:_identify(src/open3d_conversions) by extension 'colcon_meta'
[0.120s] Level 1:colcon.colcon_core.package_identification:_identify(src/open3d_conversions) by extensions ['ros']
[0.120s] Level 1:colcon.colcon_core.package_identification:_identify(src/open3d_conversions) by extension 'ros'
[0.121s] DEBUG:colcon.colcon_core.package_identification:Package 'src/open3d_conversions' with type 'ros.ament_cmake' and name 'open3d_conversions'
[0.121s] Level 1:colcon.colcon_core.package_identification:_identify(src/pick_and_place) by extensions ['ignore', 'ignore_ament_install']
[0.121s] Level 1:colcon.colcon_core.package_identification:_identify(src/pick_and_place) by extension 'ignore'
[0.121s] Level 1:colcon.colcon_core.package_identification:_identify(src/pick_and_place) by extension 'ignore_ament_install'
[0.121s] Level 1:colcon.colcon_core.package_identification:_identify(src/pick_and_place) by extensions ['colcon_pkg']
[0.121s] Level 1:colcon.colcon_core.package_identification:_identify(src/pick_and_place) by extension 'colcon_pkg'
[0.121s] Level 1:colcon.colcon_core.package_identification:_identify(src/pick_and_place) by extensions ['colcon_meta']
[0.121s] Level 1:colcon.colcon_core.package_identification:_identify(src/pick_and_place) by extension 'colcon_meta'
[0.121s] Level 1:colcon.colcon_core.package_identification:_identify(src/pick_and_place) by extensions ['ros']
[0.121s] Level 1:colcon.colcon_core.package_identification:_identify(src/pick_and_place) by extension 'ros'
[0.121s] DEBUG:colcon.colcon_core.package_identification:Package 'src/pick_and_place' with type 'ros.ament_python' and name 'pick_and_place'
[0.121s] Level 1:colcon.colcon_core.package_discovery:discover_packages(recursive) using defaults
[0.121s] Level 1:colcon.colcon_core.package_discovery:discover_packages(ignore) discover
[0.121s] Level 1:colcon.colcon_core.package_discovery:discover_packages(ignore) using defaults
[0.121s] Level 1:colcon.colcon_core.package_discovery:discover_packages(path) discover
[0.121s] Level 1:colcon.colcon_core.package_discovery:discover_packages(path) using defaults
[0.130s] Level 1:colcon.colcon_core.package_discovery:discover_packages(prefix_path) check parameters
[0.130s] Level 1:colcon.colcon_core.package_discovery:discover_packages(prefix_path) discover
[0.131s] DEBUG:colcon.colcon_installed_package_information.package_discovery:Found 2 installed packages in /home/sultan/ros2_ws/install
[0.132s] DEBUG:colcon.colcon_installed_package_information.package_discovery:Found 274 installed packages in /opt/ros/humble
[0.136s] Level 1:colcon.colcon_core.package_discovery:discover_packages(prefix_path) using defaults
[0.151s] Level 5:colcon.colcon_core.verb:set package 'open3d_conversions' build argument 'cmake_args' from command line to 'None'
[0.151s] Level 5:colcon.colcon_core.verb:set package 'open3d_conversions' build argument 'cmake_target' from command line to 'None'
[0.151s] Level 5:colcon.colcon_core.verb:set package 'open3d_conversions' build argument 'cmake_target_skip_unavailable' from command line to 'False'
[0.151s] Level 5:colcon.colcon_core.verb:set package 'open3d_conversions' build argument 'cmake_clean_cache' from command line to 'False'
[0.151s] Level 5:colcon.colcon_core.verb:set package 'open3d_conversions' build argument 'cmake_clean_first' from command line to 'False'
[0.151s] Level 5:colcon.colcon_core.verb:set package 'open3d_conversions' build argument 'cmake_force_configure' from command line to 'False'
[0.151s] Level 5:colcon.colcon_core.verb:set package 'open3d_conversions' build argument 'ament_cmake_args' from command line to 'None'
[0.151s] Level 5:colcon.colcon_core.verb:set package 'open3d_conversions' build argument 'catkin_cmake_args' from command line to 'None'
[0.151s] Level 5:colcon.colcon_core.verb:set package 'open3d_conversions' build argument 'catkin_skip_building_tests' from command line to 'False'
[0.151s] DEBUG:colcon.colcon_core.verb:Building package 'open3d_conversions' with the following arguments: {'ament_cmake_args': None, 'build_base': '/home/sultan/ros2_ws/build/open3d_conversions', 'catkin_cmake_args': None, 'catkin_skip_building_tests': False, 'cmake_args': None, 'cmake_clean_cache': False, 'cmake_clean_first': False, 'cmake_force_configure': False, 'cmake_target': None, 'cmake_target_skip_unavailable': False, 'install_base': '/home/sultan/ros2_ws/install/open3d_conversions', 'merge_install': False, 'path': '/home/sultan/ros2_ws/src/open3d_conversions', 'symlink_install': False, 'test_result_base': None}
[0.151s] Level 5:colcon.colcon_core.verb:set package 'pick_and_place' build argument 'cmake_args' from command line to 'None'
[0.151s] Level 5:colcon.colcon_core.verb:set package 'pick_and_place' build argument 'cmake_target' from command line to 'None'
[0.151s] Level 5:colcon.colcon_core.verb:set package 'pick_and_place' build argument 'cmake_target_skip_unavailable' from command line to 'False'
[0.151s] Level 5:colcon.colcon_core.verb:set package 'pick_and_place' build argument 'cmake_clean_cache' from command line to 'False'
[0.151s] Level 5:colcon.colcon_core.verb:set package 'pick_and_place' build argument 'cmake_clean_first' from command line to 'False'
[0.151s] Level 5:colcon.colcon_core.verb:set package 'pick_and_place' build argument 'cmake_force_configure' from command line to 'False'
[0.151s] Level 5:colcon.colcon_core.verb:set package 'pick_and_place' build argument 'ament_cmake_args' from command line to 'None'
[0.152s] Level 5:colcon.colcon_core.verb:set package 'pick_and_place' build argument 'catkin_cmake_args' from command line to 'None'
[0.152s] Level 5:colcon.colcon_core.verb:set package 'pick_and_place' build argument 'catkin_skip_building_tests' from command line to 'False'
[0.152s] DEBUG:colcon.colcon_core.verb:Building package 'pick_and_place' with the following arguments: {'ament_cmake_args': None, 'build_base': '/home/sultan/ros2_ws/build/pick_and_place', 'catkin_cmake_args': None, 'catkin_skip_building_tests': False, 'cmake_args': None, 'cmake_clean_cache': False, 'cmake_clean_first': False, 'cmake_force_configure': False, 'cmake_target': None, 'cmake_target_skip_unavailable': False, 'install_base': '/home/sultan/ros2_ws/install/pick_and_place', 'merge_install': False, 'path': '/home/sultan/ros2_ws/src/pick_and_place', 'symlink_install': False, 'test_result_base': None}
[0.152s] INFO:colcon.colcon_core.executor:Executing jobs using 'parallel' executor
[0.152s] DEBUG:colcon.colcon_parallel_executor.executor.parallel:run_until_complete
[0.152s] INFO:colcon.colcon_ros.task.ament_cmake.build:Building ROS package in '/home/sultan/ros2_ws/src/open3d_conversions' with build type 'ament_cmake'
[0.152s] INFO:colcon.colcon_cmake.task.cmake.build:Building CMake package in '/home/sultan/ros2_ws/src/open3d_conversions'
[0.153s] INFO:colcon.colcon_core.plugin_system:Skipping extension 'colcon_core.shell.bat': Not used on non-Windows systems
[0.153s] INFO:colcon.colcon_core.shell:Skip shell extension 'powershell' for command environment: Not usable outside of PowerShell
[0.153s] DEBUG:colcon.colcon_core.shell:Skip shell extension 'dsv' for command environment
[0.155s] INFO:colcon.colcon_ros.task.ament_python.build:Building ROS package in '/home/sultan/ros2_ws/src/pick_and_place' with build type 'ament_python'
[0.155s] Level 1:colcon.colcon_core.shell:create_environment_hook('pick_and_place', 'ament_prefix_path')
[0.155s] INFO:colcon.colcon_core.shell:Creating environment hook '/home/sultan/ros2_ws/install/pick_and_place/share/pick_and_place/hook/ament_prefix_path.ps1'
[0.155s] INFO:colcon.colcon_core.shell:Creating environment descriptor '/home/sultan/ros2_ws/install/pick_and_place/share/pick_and_place/hook/ament_prefix_path.dsv'
[0.155s] INFO:colcon.colcon_core.shell:Creating environment hook '/home/sultan/ros2_ws/install/pick_and_place/share/pick_and_place/hook/ament_prefix_path.sh'
[0.156s] INFO:colcon.colcon_core.shell:Skip shell extension 'powershell' for command environment: Not usable outside of PowerShell
[0.156s] DEBUG:colcon.colcon_core.shell:Skip shell extension 'dsv' for command environment
[0.159s] DEBUG:colcon.colcon_core.event_handler.log_command:Invoking command in '/home/sultan/ros2_ws/build/open3d_conversions': CMAKE_PREFIX_PATH=/home/sultan/ros2_ws/install/pick_and_place:/opt/ros/humble /usr/bin/cmake /home/sultan/ros2_ws/src/open3d_conversions -DCMAKE_INSTALL_PREFIX=/home/sultan/ros2_ws/install/open3d_conversions
[0.266s] INFO:colcon.colcon_core.task.python.build:Building Python package in '/home/sultan/ros2_ws/src/pick_and_place'
[0.266s] INFO:colcon.colcon_core.shell:Skip shell extension 'powershell' for command environment: Not usable outside of PowerShell
[0.266s] DEBUG:colcon.colcon_core.shell:Skip shell extension 'dsv' for command environment
[0.405s] DEBUG:colcon.colcon_core.event_handler.log_command:Invoking command in '/home/sultan/ros2_ws/src/pick_and_place': PYTHONPATH=/home/sultan/ros2_ws/build/pick_and_place/prefix_override:/usr/lib/python3/dist-packages/colcon_core/task/python/colcon_distutils_commands:/home/sultan/ros2_ws/install/pick_and_place/lib/python3.10/site-packages:${PYTHONPATH} /usr/bin/python3 -W ignore:setup.py install is deprecated setup.py egg_info --egg-base ../../build/pick_and_place build --build-base /home/sultan/ros2_ws/build/pick_and_place/build install --record /home/sultan/ros2_ws/build/pick_and_place/install.log --single-version-externally-managed install_data
[0.529s] DEBUG:colcon.colcon_core.event_handler.log_command:Invoked command in '/home/sultan/ros2_ws/src/pick_and_place' returned '0': PYTHONPATH=/home/sultan/ros2_ws/build/pick_and_place/prefix_override:/usr/lib/python3/dist-packages/colcon_core/task/python/colcon_distutils_commands:/home/sultan/ros2_ws/install/pick_and_place/lib/python3.10/site-packages:${PYTHONPATH} /usr/bin/python3 -W ignore:setup.py install is deprecated setup.py egg_info --egg-base ../../build/pick_and_place build --build-base /home/sultan/ros2_ws/build/pick_and_place/build install --record /home/sultan/ros2_ws/build/pick_and_place/install.log --single-version-externally-managed install_data
[0.530s] Level 1:colcon.colcon_core.environment:checking '/home/sultan/ros2_ws/install/pick_and_place' for CMake module files
[0.530s] Level 1:colcon.colcon_core.environment:checking '/home/sultan/ros2_ws/install/pick_and_place' for CMake config files
[0.531s] Level 1:colcon.colcon_core.environment:checking '/home/sultan/ros2_ws/install/pick_and_place/lib'
[0.531s] Level 1:colcon.colcon_core.environment:checking '/home/sultan/ros2_ws/install/pick_and_place/bin'
[0.531s] Level 1:colcon.colcon_core.environment:checking '/home/sultan/ros2_ws/install/pick_and_place/lib/pkgconfig/pick_and_place.pc'
[0.532s] Level 1:colcon.colcon_core.environment:checking '/home/sultan/ros2_ws/install/pick_and_place/lib/python3.10/site-packages'
[0.532s] Level 1:colcon.colcon_core.shell:create_environment_hook('pick_and_place', 'pythonpath')
[0.532s] INFO:colcon.colcon_core.shell:Creating environment hook '/home/sultan/ros2_ws/install/pick_and_place/share/pick_and_place/hook/pythonpath.ps1'
[0.532s] INFO:colcon.colcon_core.shell:Creating environment descriptor '/home/sultan/ros2_ws/install/pick_and_place/share/pick_and_place/hook/pythonpath.dsv'
[0.532s] INFO:colcon.colcon_core.shell:Creating environment hook '/home/sultan/ros2_ws/install/pick_and_place/share/pick_and_place/hook/pythonpath.sh'
[0.532s] Level 1:colcon.colcon_core.environment:checking '/home/sultan/ros2_ws/install/pick_and_place/bin'
[0.532s] Level 1:colcon.colcon_core.environment:create_environment_scripts_only(pick_and_place)
[0.532s] INFO:colcon.colcon_core.shell:Creating package script '/home/sultan/ros2_ws/install/pick_and_place/share/pick_and_place/package.ps1'
[0.533s] INFO:colcon.colcon_core.shell:Creating package descriptor '/home/sultan/ros2_ws/install/pick_and_place/share/pick_and_place/package.dsv'
[0.533s] INFO:colcon.colcon_core.shell:Creating package script '/home/sultan/ros2_ws/install/pick_and_place/share/pick_and_place/package.sh'
[0.533s] INFO:colcon.colcon_core.shell:Creating package script '/home/sultan/ros2_ws/install/pick_and_place/share/pick_and_place/package.bash'
[0.533s] INFO:colcon.colcon_core.shell:Creating package script '/home/sultan/ros2_ws/install/pick_and_place/share/pick_and_place/package.zsh'
[0.534s] Level 1:colcon.colcon_core.environment:create_file_with_runtime_dependencies(/home/sultan/ros2_ws/install/pick_and_place/share/colcon-core/packages/pick_and_place)
[0.699s] DEBUG:colcon.colcon_core.event_handler.log_command:Invoked command in '/home/sultan/ros2_ws/build/open3d_conversions' returned '0': CMAKE_PREFIX_PATH=/home/sultan/ros2_ws/install/pick_and_place:/opt/ros/humble /usr/bin/cmake /home/sultan/ros2_ws/src/open3d_conversions -DCMAKE_INSTALL_PREFIX=/home/sultan/ros2_ws/install/open3d_conversions
[0.700s] DEBUG:colcon.colcon_core.event_handler.log_command:Invoking command in '/home/sultan/ros2_ws/build/open3d_conversions': CMAKE_PREFIX_PATH=/home/sultan/ros2_ws/install/pick_and_place:/opt/ros/humble /usr/bin/cmake --build /home/sultan/ros2_ws/build/open3d_conversions -- -j28 -l28
[6.363s] DEBUG:colcon.colcon_core.event_handler.log_command:Invoked command in '/home/sultan/ros2_ws/build/open3d_conversions' returned '0': CMAKE_PREFIX_PATH=/home/sultan/ros2_ws/install/pick_and_place:/opt/ros/humble /usr/bin/cmake --build /home/sultan/ros2_ws/build/open3d_conversions -- -j28 -l28
[6.376s] DEBUG:colcon.colcon_core.event_handler.log_command:Invoking command in '/home/sultan/ros2_ws/build/open3d_conversions': CMAKE_PREFIX_PATH=/home/sultan/ros2_ws/install/pick_and_place:/opt/ros/humble /usr/bin/cmake --install /home/sultan/ros2_ws/build/open3d_conversions
[6.380s] Level 1:colcon.colcon_core.environment:create_environment_scripts_only(open3d_conversions)
[6.380s] DEBUG:colcon.colcon_core.event_handler.log_command:Invoked command in '/home/sultan/ros2_ws/build/open3d_conversions' returned '0': CMAKE_PREFIX_PATH=/home/sultan/ros2_ws/install/pick_and_place:/opt/ros/humble /usr/bin/cmake --install /home/sultan/ros2_ws/build/open3d_conversions
[6.380s] Level 1:colcon.colcon_core.environment:checking '/home/sultan/ros2_ws/install/open3d_conversions' for CMake module files
[6.380s] Level 1:colcon.colcon_core.environment:checking '/home/sultan/ros2_ws/install/open3d_conversions' for CMake config files
[6.381s] Level 1:colcon.colcon_core.shell:create_environment_hook('open3d_conversions', 'cmake_prefix_path')
[6.381s] INFO:colcon.colcon_core.shell:Creating environment hook '/home/sultan/ros2_ws/install/open3d_conversions/share/open3d_conversions/hook/cmake_prefix_path.ps1'
[6.381s] INFO:colcon.colcon_core.shell:Creating environment descriptor '/home/sultan/ros2_ws/install/open3d_conversions/share/open3d_conversions/hook/cmake_prefix_path.dsv'
[6.381s] INFO:colcon.colcon_core.shell:Creating environment hook '/home/sultan/ros2_ws/install/open3d_conversions/share/open3d_conversions/hook/cmake_prefix_path.sh'
[6.381s] Level 1:colcon.colcon_core.environment:checking '/home/sultan/ros2_ws/install/open3d_conversions/lib'
[6.381s] Level 1:colcon.colcon_core.shell:create_environment_hook('open3d_conversions', 'ld_library_path_lib')
[6.381s] INFO:colcon.colcon_core.shell:Creating environment hook '/home/sultan/ros2_ws/install/open3d_conversions/share/open3d_conversions/hook/ld_library_path_lib.ps1'
[6.382s] INFO:colcon.colcon_core.shell:Creating environment descriptor '/home/sultan/ros2_ws/install/open3d_conversions/share/open3d_conversions/hook/ld_library_path_lib.dsv'
[6.382s] INFO:colcon.colcon_core.shell:Creating environment hook '/home/sultan/ros2_ws/install/open3d_conversions/share/open3d_conversions/hook/ld_library_path_lib.sh'
[6.382s] Level 1:colcon.colcon_core.environment:checking '/home/sultan/ros2_ws/install/open3d_conversions/bin'
[6.382s] Level 1:colcon.colcon_core.environment:checking '/home/sultan/ros2_ws/install/open3d_conversions/lib/pkgconfig/open3d_conversions.pc'
[6.382s] Level 1:colcon.colcon_core.environment:checking '/home/sultan/ros2_ws/install/open3d_conversions/lib/python3.10/site-packages'
[6.382s] Level 1:colcon.colcon_core.environment:checking '/home/sultan/ros2_ws/install/open3d_conversions/bin'
[6.382s] INFO:colcon.colcon_core.shell:Creating package script '/home/sultan/ros2_ws/install/open3d_conversions/share/open3d_conversions/package.ps1'
[6.383s] INFO:colcon.colcon_core.shell:Creating package descriptor '/home/sultan/ros2_ws/install/open3d_conversions/share/open3d_conversions/package.dsv'
[6.383s] INFO:colcon.colcon_core.shell:Creating package script '/home/sultan/ros2_ws/install/open3d_conversions/share/open3d_conversions/package.sh'
[6.383s] INFO:colcon.colcon_core.shell:Creating package script '/home/sultan/ros2_ws/install/open3d_conversions/share/open3d_conversions/package.bash'
[6.383s] INFO:colcon.colcon_core.shell:Creating package script '/home/sultan/ros2_ws/install/open3d_conversions/share/open3d_conversions/package.zsh'
[6.383s] Level 1:colcon.colcon_core.environment:create_file_with_runtime_dependencies(/home/sultan/ros2_ws/install/open3d_conversions/share/colcon-core/packages/open3d_conversions)
[6.411s] Level 1:colcon.colcon_core.environment:create_environment_scripts_only(open3d_conversions)
[6.412s] Level 1:colcon.colcon_core.environment:checking '/home/sultan/ros2_ws/install/open3d_conversions' for CMake module files
[6.412s] Level 1:colcon.colcon_core.environment:checking '/home/sultan/ros2_ws/install/open3d_conversions' for CMake config files
[6.413s] Level 1:colcon.colcon_core.shell:create_environment_hook('open3d_conversions', 'cmake_prefix_path')
[6.413s] INFO:colcon.colcon_core.shell:Creating environment hook '/home/sultan/ros2_ws/install/open3d_conversions/share/open3d_conversions/hook/cmake_prefix_path.ps1'
[6.414s] INFO:colcon.colcon_core.shell:Creating environment descriptor '/home/sultan/ros2_ws/install/open3d_conversions/share/open3d_conversions/hook/cmake_prefix_path.dsv'
[6.414s] INFO:colcon.colcon_core.shell:Creating environment hook '/home/sultan/ros2_ws/install/open3d_conversions/share/open3d_conversions/hook/cmake_prefix_path.sh'
[6.415s] Level 1:colcon.colcon_core.environment:checking '/home/sultan/ros2_ws/install/open3d_conversions/lib'
[6.415s] Level 1:colcon.colcon_core.shell:create_environment_hook('open3d_conversions', 'ld_library_path_lib')
[6.415s] INFO:colcon.colcon_core.shell:Creating environment hook '/home/sultan/ros2_ws/install/open3d_conversions/share/open3d_conversions/hook/ld_library_path_lib.ps1'
[6.415s] INFO:colcon.colcon_core.shell:Creating environment descriptor '/home/sultan/ros2_ws/install/open3d_conversions/share/open3d_conversions/hook/ld_library_path_lib.dsv'
[6.416s] INFO:colcon.colcon_core.shell:Creating environment hook '/home/sultan/ros2_ws/install/open3d_conversions/share/open3d_conversions/hook/ld_library_path_lib.sh'
[6.416s] Level 1:colcon.colcon_core.environment:checking '/home/sultan/ros2_ws/install/open3d_conversions/bin'
[6.416s] Level 1:colcon.colcon_core.environment:checking '/home/sultan/ros2_ws/install/open3d_conversions/lib/pkgconfig/open3d_conversions.pc'
[6.417s] Level 1:colcon.colcon_core.environment:checking '/home/sultan/ros2_ws/install/open3d_conversions/lib/python3.10/site-packages'
[6.417s] Level 1:colcon.colcon_core.environment:checking '/home/sultan/ros2_ws/install/open3d_conversions/bin'
[6.417s] INFO:colcon.colcon_core.shell:Creating package script '/home/sultan/ros2_ws/install/open3d_conversions/share/open3d_conversions/package.ps1'
[6.418s] INFO:colcon.colcon_core.shell:Creating package descriptor '/home/sultan/ros2_ws/install/open3d_conversions/share/open3d_conversions/package.dsv'
[6.418s] INFO:colcon.colcon_core.shell:Creating package script '/home/sultan/ros2_ws/install/open3d_conversions/share/open3d_conversions/package.sh'
[6.419s] INFO:colcon.colcon_core.shell:Creating package script '/home/sultan/ros2_ws/install/open3d_conversions/share/open3d_conversions/package.bash'
[6.419s] INFO:colcon.colcon_core.shell:Creating package script '/home/sultan/ros2_ws/install/open3d_conversions/share/open3d_conversions/package.zsh'
[6.419s] Level 1:colcon.colcon_core.environment:create_file_with_runtime_dependencies(/home/sultan/ros2_ws/install/open3d_conversions/share/colcon-core/packages/open3d_conversions)
[6.420s] DEBUG:colcon.colcon_parallel_executor.executor.parallel:closing loop
[6.420s] DEBUG:colcon.colcon_parallel_executor.executor.parallel:loop closed
[6.420s] DEBUG:colcon.colcon_parallel_executor.executor.parallel:run_until_complete finished with '0'
[6.420s] DEBUG:colcon.colcon_core.event_reactor:joining thread
[6.426s] INFO:colcon.colcon_core.plugin_system:Skipping extension 'colcon_notification.desktop_notification.terminal_notifier': Not used on non-Darwin systems
[6.426s] INFO:colcon.colcon_core.plugin_system:Skipping extension 'colcon_notification.desktop_notification.win32': Not used on non-Windows systems
[6.426s] INFO:colcon.colcon_notification.desktop_notification:Sending desktop notification using 'notify2'
[6.436s] DEBUG:colcon.colcon_core.event_reactor:joined thread
[6.436s] INFO:colcon.colcon_core.shell:Creating prefix script '/home/sultan/ros2_ws/install/local_setup.ps1'
[6.437s] INFO:colcon.colcon_core.shell:Creating prefix util module '/home/sultan/ros2_ws/install/_local_setup_util_ps1.py'
[6.439s] INFO:colcon.colcon_core.shell:Creating prefix chain script '/home/sultan/ros2_ws/install/setup.ps1'
[6.439s] INFO:colcon.colcon_core.shell:Creating prefix script '/home/sultan/ros2_ws/install/local_setup.sh'
[6.440s] INFO:colcon.colcon_core.shell:Creating prefix util module '/home/sultan/ros2_ws/install/_local_setup_util_sh.py'
[6.440s] INFO:colcon.colcon_core.shell:Creating prefix chain script '/home/sultan/ros2_ws/install/setup.sh'
[6.441s] INFO:colcon.colcon_core.shell:Creating prefix script '/home/sultan/ros2_ws/install/local_setup.bash'
[6.441s] INFO:colcon.colcon_core.shell:Creating prefix chain script '/home/sultan/ros2_ws/install/setup.bash'
[6.442s] INFO:colcon.colcon_core.shell:Creating prefix script '/home/sultan/ros2_ws/install/local_setup.zsh'
[6.442s] INFO:colcon.colcon_core.shell:Creating prefix chain script '/home/sultan/ros2_ws/install/setup.zsh'
