running egg_info
creating ../../build/pick_and_place/pick_and_place.egg-info
writing ../../build/pick_and_place/pick_and_place.egg-info/PKG-INFO
writing dependency_links to ../../build/pick_and_place/pick_and_place.egg-info/dependency_links.txt
writing entry points to ../../build/pick_and_place/pick_and_place.egg-info/entry_points.txt
writing requirements to ../../build/pick_and_place/pick_and_place.egg-info/requires.txt
writing top-level names to ../../build/pick_and_place/pick_and_place.egg-info/top_level.txt
writing manifest file '../../build/pick_and_place/pick_and_place.egg-info/SOURCES.txt'
reading manifest file '../../build/pick_and_place/pick_and_place.egg-info/SOURCES.txt'
adding license file 'LICENSE'
writing manifest file '../../build/pick_and_place/pick_and_place.egg-info/SOURCES.txt'
running build
running build_py
creating /home/sultan/ros2_ws/build/pick_and_place/build
creating /home/sultan/ros2_ws/build/pick_and_place/build/lib
creating /home/sultan/ros2_ws/build/pick_and_place/build/lib/pick_and_place
copying pick_and_place/edge_grasp_node.py -> /home/sultan/ros2_ws/build/pick_and_place/build/lib/pick_and_place
copying pick_and_place/pc_sub.py -> /home/sultan/ros2_ws/build/pick_and_place/build/lib/pick_and_place
copying pick_and_place/pcd_subscriber_node.py -> /home/sultan/ros2_ws/build/pick_and_place/build/lib/pick_and_place
copying pick_and_place/__init__.py -> /home/sultan/ros2_ws/build/pick_and_place/build/lib/pick_and_place
running install
running install_lib
creating /home/sultan/ros2_ws/install/pick_and_place/lib/python3.10/site-packages/pick_and_place
copying /home/sultan/ros2_ws/build/pick_and_place/build/lib/pick_and_place/edge_grasp_node.py -> /home/sultan/ros2_ws/install/pick_and_place/lib/python3.10/site-packages/pick_and_place
copying /home/sultan/ros2_ws/build/pick_and_place/build/lib/pick_and_place/pc_sub.py -> /home/sultan/ros2_ws/install/pick_and_place/lib/python3.10/site-packages/pick_and_place
copying /home/sultan/ros2_ws/build/pick_and_place/build/lib/pick_and_place/pcd_subscriber_node.py -> /home/sultan/ros2_ws/install/pick_and_place/lib/python3.10/site-packages/pick_and_place
copying /home/sultan/ros2_ws/build/pick_and_place/build/lib/pick_and_place/__init__.py -> /home/sultan/ros2_ws/install/pick_and_place/lib/python3.10/site-packages/pick_and_place
byte-compiling /home/sultan/ros2_ws/install/pick_and_place/lib/python3.10/site-packages/pick_and_place/edge_grasp_node.py to edge_grasp_node.cpython-310.pyc
byte-compiling /home/sultan/ros2_ws/install/pick_and_place/lib/python3.10/site-packages/pick_and_place/pc_sub.py to pc_sub.cpython-310.pyc
byte-compiling /home/sultan/ros2_ws/install/pick_and_place/lib/python3.10/site-packages/pick_and_place/pcd_subscriber_node.py to pcd_subscriber_node.cpython-310.pyc
byte-compiling /home/sultan/ros2_ws/install/pick_and_place/lib/python3.10/site-packages/pick_and_place/__init__.py to __init__.cpython-310.pyc
running install_data
creating /home/sultan/ros2_ws/install/pick_and_place/share/ament_index
creating /home/sultan/ros2_ws/install/pick_and_place/share/ament_index/resource_index
creating /home/sultan/ros2_ws/install/pick_and_place/share/ament_index/resource_index/packages
copying resource/pick_and_place -> /home/sultan/ros2_ws/install/pick_and_place/share/ament_index/resource_index/packages
copying package.xml -> /home/sultan/ros2_ws/install/pick_and_place/share/pick_and_place
running install_egg_info
Copying ../../build/pick_and_place/pick_and_place.egg-info to /home/sultan/ros2_ws/install/pick_and_place/lib/python3.10/site-packages/pick_and_place-0.0.0-py3.10.egg-info
running install_scripts
Installing edge_grasp script to /home/sultan/ros2_ws/install/pick_and_place/lib/pick_and_place
Installing pc_subscriber script to /home/sultan/ros2_ws/install/pick_and_place/lib/pick_and_place
Installing pc_viz script to /home/sultan/ros2_ws/install/pick_and_place/lib/pick_and_place
writing list of installed files to '/home/sultan/ros2_ws/build/pick_and_place/install.log'
