[0.239s] Invoking command in '/home/sultan/ros2_ws/src/pick_and_place': CONDA_PROMPT_MODIFIER=(base) PYTHONPATH=/home/sultan/ros2_ws/build/pick_and_place/prefix_override:/usr/lib/python3/dist-packages/colcon_core/task/python/colcon_distutils_commands:/home/sultan/ros2_ws/install/pick_and_place/lib/python3.10/site-packages:${PYTHONPATH} /usr/bin/python3 -W ignore:setup.py install is deprecated setup.py egg_info --egg-base ../../build/pick_and_place build --build-base /home/sultan/ros2_ws/build/pick_and_place/build install --record /home/sultan/ros2_ws/build/pick_and_place/install.log --single-version-externally-managed install_data
[0.332s] running egg_info
[0.333s] creating ../../build/pick_and_place/pick_and_place.egg-info
[0.333s] writing ../../build/pick_and_place/pick_and_place.egg-info/PKG-INFO
[0.333s] writing dependency_links to ../../build/pick_and_place/pick_and_place.egg-info/dependency_links.txt
[0.333s] writing entry points to ../../build/pick_and_place/pick_and_place.egg-info/entry_points.txt
[0.333s] writing requirements to ../../build/pick_and_place/pick_and_place.egg-info/requires.txt
[0.333s] writing top-level names to ../../build/pick_and_place/pick_and_place.egg-info/top_level.txt
[0.333s] writing manifest file '../../build/pick_and_place/pick_and_place.egg-info/SOURCES.txt'
[0.334s] reading manifest file '../../build/pick_and_place/pick_and_place.egg-info/SOURCES.txt'
[0.334s] adding license file 'LICENSE'
[0.334s] writing manifest file '../../build/pick_and_place/pick_and_place.egg-info/SOURCES.txt'
[0.334s] running build
[0.334s] running build_py
[0.334s] creating /home/sultan/ros2_ws/build/pick_and_place/build
[0.334s] creating /home/sultan/ros2_ws/build/pick_and_place/build/lib
[0.334s] creating /home/sultan/ros2_ws/build/pick_and_place/build/lib/pick_and_place
[0.334s] copying pick_and_place/edge_grasp_node.py -> /home/sultan/ros2_ws/build/pick_and_place/build/lib/pick_and_place
[0.334s] copying pick_and_place/pc_sub.py -> /home/sultan/ros2_ws/build/pick_and_place/build/lib/pick_and_place
[0.334s] copying pick_and_place/pcd_subscriber_node.py -> /home/sultan/ros2_ws/build/pick_and_place/build/lib/pick_and_place
[0.334s] copying pick_and_place/__init__.py -> /home/sultan/ros2_ws/build/pick_and_place/build/lib/pick_and_place
[0.334s] running install
[0.334s] running install_lib
[0.334s] creating /home/sultan/ros2_ws/install/pick_and_place/lib/python3.10/site-packages/pick_and_place
[0.334s] copying /home/sultan/ros2_ws/build/pick_and_place/build/lib/pick_and_place/edge_grasp_node.py -> /home/sultan/ros2_ws/install/pick_and_place/lib/python3.10/site-packages/pick_and_place
[0.335s] copying /home/sultan/ros2_ws/build/pick_and_place/build/lib/pick_and_place/pc_sub.py -> /home/sultan/ros2_ws/install/pick_and_place/lib/python3.10/site-packages/pick_and_place
[0.335s] copying /home/sultan/ros2_ws/build/pick_and_place/build/lib/pick_and_place/pcd_subscriber_node.py -> /home/sultan/ros2_ws/install/pick_and_place/lib/python3.10/site-packages/pick_and_place
[0.335s] copying /home/sultan/ros2_ws/build/pick_and_place/build/lib/pick_and_place/__init__.py -> /home/sultan/ros2_ws/install/pick_and_place/lib/python3.10/site-packages/pick_and_place
[0.335s] byte-compiling /home/sultan/ros2_ws/install/pick_and_place/lib/python3.10/site-packages/pick_and_place/edge_grasp_node.py to edge_grasp_node.cpython-310.pyc
[0.335s] byte-compiling /home/sultan/ros2_ws/install/pick_and_place/lib/python3.10/site-packages/pick_and_place/pc_sub.py to pc_sub.cpython-310.pyc
[0.335s] byte-compiling /home/sultan/ros2_ws/install/pick_and_place/lib/python3.10/site-packages/pick_and_place/pcd_subscriber_node.py to pcd_subscriber_node.cpython-310.pyc
[0.336s] byte-compiling /home/sultan/ros2_ws/install/pick_and_place/lib/python3.10/site-packages/pick_and_place/__init__.py to __init__.cpython-310.pyc
[0.336s] running install_data
[0.336s] creating /home/sultan/ros2_ws/install/pick_and_place/share/ament_index
[0.336s] creating /home/sultan/ros2_ws/install/pick_and_place/share/ament_index/resource_index
[0.336s] creating /home/sultan/ros2_ws/install/pick_and_place/share/ament_index/resource_index/packages
[0.336s] copying resource/pick_and_place -> /home/sultan/ros2_ws/install/pick_and_place/share/ament_index/resource_index/packages
[0.336s] copying package.xml -> /home/sultan/ros2_ws/install/pick_and_place/share/pick_and_place
[0.336s] running install_egg_info
[0.336s] Copying ../../build/pick_and_place/pick_and_place.egg-info to /home/sultan/ros2_ws/install/pick_and_place/lib/python3.10/site-packages/pick_and_place-0.0.0-py3.10.egg-info
[0.337s] running install_scripts
[0.346s] Installing edge_grasp script to /home/sultan/ros2_ws/install/pick_and_place/lib/pick_and_place
[0.346s] Installing pc_subscriber script to /home/sultan/ros2_ws/install/pick_and_place/lib/pick_and_place
[0.346s] Installing pc_viz script to /home/sultan/ros2_ws/install/pick_and_place/lib/pick_and_place
[0.346s] writing list of installed files to '/home/sultan/ros2_ws/build/pick_and_place/install.log'
[0.355s] Invoked command in '/home/sultan/ros2_ws/src/pick_and_place' returned '0': CONDA_PROMPT_MODIFIER=(base) PYTHONPATH=/home/sultan/ros2_ws/build/pick_and_place/prefix_override:/usr/lib/python3/dist-packages/colcon_core/task/python/colcon_distutils_commands:/home/sultan/ros2_ws/install/pick_and_place/lib/python3.10/site-packages:${PYTHONPATH} /usr/bin/python3 -W ignore:setup.py install is deprecated setup.py egg_info --egg-base ../../build/pick_and_place build --build-base /home/sultan/ros2_ws/build/pick_and_place/build install --record /home/sultan/ros2_ws/build/pick_and_place/install.log --single-version-externally-managed install_data
