-- Found ament_cmake: 1.3.9 (/opt/ros/humble/share/ament_cmake/cmake)
-- Found ament_cmake_ros: 0.10.0 (/opt/ros/humble/share/ament_cmake_ros/cmake)
-- Found Open3D: /home/sultan/open3d_install/lib/cmake/Open3D/Open3DConfig.cmake (found version "0.18.0")
-- Found rclcpp: 16.0.9 (/opt/ros/humble/share/rclcpp/cmake)
-- Found rosidl_generator_c: 3.1.5 (/opt/ros/humble/share/rosidl_generator_c/cmake)
-- Found rosidl_adapter: 3.1.5 (/opt/ros/humble/share/rosidl_adapter/cmake)
-- Found rosidl_generator_cpp: 3.1.5 (/opt/ros/humble/share/rosidl_generator_cpp/cmake)
-- Using all available rosidl_typesupport_c: rosidl_typesupport_fastrtps_c;rosidl_typesupport_introspection_c
-- Using all available rosidl_typesupport_cpp: rosidl_typesupport_fastrtps_cpp;rosidl_typesupport_introspection_cpp
-- Found rmw_implementation_cmake: 6.1.2 (/opt/ros/humble/share/rmw_implementation_cmake/cmake)
-- Found rmw_fastrtps_cpp: 6.2.6 (/opt/ros/humble/share/rmw_fastrtps_cpp/cmake)
-- Found OpenSSL: /usr/lib/x86_64-linux-gnu/libcrypto.so (found version "3.0.2")
-- Found FastRTPS: /opt/ros/humble/include
-- Using RMW implementation 'rmw_fastrtps_cpp' as default
-- Found sensor_msgs: 4.2.4 (/opt/ros/humble/share/sensor_msgs/cmake)
-- Found ament_lint_auto: 0.12.11 (/opt/ros/humble/share/ament_lint_auto/cmake)
-- Found gtest sources under '/opt/ros/humble/src/gtest_vendor': C++ tests using 'Google Test' will be built
-- Added test 'copyright' to check source files copyright and LICENSE
-- Added test 'cppcheck' to perform static code analysis on C / C++ code
-- Configured cppcheck include dirs: /home/sultan/ros2_ws/src/open3d_conversions/include;$<BUILD_INTERFACE:/home/sultan/ros2_ws/src/open3d_conversions/include>
-- Configured cppcheck exclude dirs and/or files: 
-- Added test 'cpplint' to check C / C++ code against the Google style
-- Configured cpplint exclude dirs and/or files: 
-- Added test 'lint_cmake' to check CMake code style
-- Added test 'uncrustify' to check C / C++ code style
-- Configured uncrustify additional arguments: 
-- Added test 'xmllint' to check XML markup files
-- Configuring done (0.5s)
-- Generating done (0.0s)
-- Build files have been written to: /home/sultan/ros2_ws/build/open3d_conversions
[ 12%] [32mBuilding CXX object gtest/CMakeFiles/gtest_main.dir/src/gtest_main.cc.o[0m
[ 25%] [32mBuilding CXX object CMakeFiles/open3d_conversions.dir/src/open3d_conversions.cpp.o[0m
[ 37%] [32mBuilding CXX object gtest/CMakeFiles/gtest.dir/src/gtest-all.cc.o[0m
[ 50%] [32m[1mLinking CXX static library libgtest_main.a[0m
[ 50%] Built target gtest_main
[ 62%] [32m[1mLinking CXX static library libgtest.a[0m
[ 62%] Built target gtest
[ 75%] [32m[1mLinking CXX shared library libopen3d_conversions.so[0m
[ 75%] Built target open3d_conversions
[ 87%] [32mBuilding CXX object CMakeFiles/test_open3d_conversions.dir/test/test_open3d_conversions.cpp.o[0m
[100%] [32m[1mLinking CXX executable test_open3d_conversions[0m
[100%] Built target test_open3d_conversions
-- Install configuration: ""
-- Installing: /home/sultan/ros2_ws/install/open3d_conversions/include
-- Installing: /home/sultan/ros2_ws/install/open3d_conversions/include/open3d_conversions
-- Installing: /home/sultan/ros2_ws/install/open3d_conversions/include/open3d_conversions/visibility_control.h
-- Installing: /home/sultan/ros2_ws/install/open3d_conversions/include/open3d_conversions/open3d_conversions.hpp
-- Installing: /home/sultan/ros2_ws/install/open3d_conversions/lib/libopen3d_conversions.so
-- Set non-toolchain portion of runtime path of "/home/sultan/ros2_ws/install/open3d_conversions/lib/libopen3d_conversions.so" to ""
-- Installing: /home/sultan/ros2_ws/install/open3d_conversions/share/open3d_conversions/environment/library_path.sh
-- Installing: /home/sultan/ros2_ws/install/open3d_conversions/share/open3d_conversions/environment/library_path.dsv
-- Installing: /home/sultan/ros2_ws/install/open3d_conversions/share/ament_index/resource_index/package_run_dependencies/open3d_conversions
-- Installing: /home/sultan/ros2_ws/install/open3d_conversions/share/ament_index/resource_index/parent_prefix_path/open3d_conversions
-- Installing: /home/sultan/ros2_ws/install/open3d_conversions/share/open3d_conversions/environment/ament_prefix_path.sh
-- Installing: /home/sultan/ros2_ws/install/open3d_conversions/share/open3d_conversions/environment/ament_prefix_path.dsv
-- Installing: /home/sultan/ros2_ws/install/open3d_conversions/share/open3d_conversions/environment/path.sh
-- Installing: /home/sultan/ros2_ws/install/open3d_conversions/share/open3d_conversions/environment/path.dsv
-- Installing: /home/sultan/ros2_ws/install/open3d_conversions/share/open3d_conversions/local_setup.bash
-- Installing: /home/sultan/ros2_ws/install/open3d_conversions/share/open3d_conversions/local_setup.sh
-- Installing: /home/sultan/ros2_ws/install/open3d_conversions/share/open3d_conversions/local_setup.zsh
-- Installing: /home/sultan/ros2_ws/install/open3d_conversions/share/open3d_conversions/local_setup.dsv
-- Installing: /home/sultan/ros2_ws/install/open3d_conversions/share/open3d_conversions/package.dsv
-- Installing: /home/sultan/ros2_ws/install/open3d_conversions/share/ament_index/resource_index/packages/open3d_conversions
-- Installing: /home/sultan/ros2_ws/install/open3d_conversions/share/open3d_conversions/cmake/export_open3d_conversionsExport.cmake
-- Installing: /home/sultan/ros2_ws/install/open3d_conversions/share/open3d_conversions/cmake/export_open3d_conversionsExport-noconfig.cmake
-- Installing: /home/sultan/ros2_ws/install/open3d_conversions/share/open3d_conversions/cmake/ament_cmake_export_include_directories-extras.cmake
-- Installing: /home/sultan/ros2_ws/install/open3d_conversions/share/open3d_conversions/cmake/ament_cmake_export_libraries-extras.cmake
-- Installing: /home/sultan/ros2_ws/install/open3d_conversions/share/open3d_conversions/cmake/ament_cmake_export_targets-extras.cmake
-- Installing: /home/sultan/ros2_ws/install/open3d_conversions/share/open3d_conversions/cmake/ament_cmake_export_dependencies-extras.cmake
-- Installing: /home/sultan/ros2_ws/install/open3d_conversions/share/open3d_conversions/cmake/open3d_conversionsConfig.cmake
-- Installing: /home/sultan/ros2_ws/install/open3d_conversions/share/open3d_conversions/cmake/open3d_conversionsConfig-version.cmake
-- Installing: /home/sultan/ros2_ws/install/open3d_conversions/share/open3d_conversions/package.xml
