[0.006s] Invoking command in '/home/sultan/ros2_ws/build/open3d_conversions': CMAKE_PREFIX_PATH=/home/sultan/ros2_ws/install/pick_and_place:/opt/ros/humble /usr/bin/cmake /home/sultan/ros2_ws/src/open3d_conversions -DCMAKE_INSTALL_PREFIX=/home/sultan/ros2_ws/install/open3d_conversions
[0.011s] -- Found ament_cmake: 1.3.9 (/opt/ros/humble/share/ament_cmake/cmake)
[0.107s] -- Found ament_cmake_ros: 0.10.0 (/opt/ros/humble/share/ament_cmake_ros/cmake)
[0.109s] [0mCMake Deprecation Warning at /home/sultan/open3d_install/lib/cmake/Open3D/Open3DConfig.cmake:18 (cmake_policy):
[0.109s]   The OLD behavior for policy CMP0072 will be removed from a future version
[0.109s]   of CMake.
[0.109s] 
[0.109s]   The cmake-policies(7) manual explains that the OLD behaviors of all
[0.109s]   policies are deprecated and that a policy should be set to OLD only under
[0.109s]   specific short-term circumstances.  Projects should be ported to the NEW
[0.109s]   behavior and not rely on setting a policy to OLD.
[0.109s] Call Stack (most recent call first):
[0.109s]   CMakeLists.txt:15 (find_package)
[0.109s] 
[0.109s] [0m
[0.147s] -- Found Open3D: /home/sultan/open3d_install/lib/cmake/Open3D/Open3DConfig.cmake (found version "0.18.0")
[0.149s] -- Found rclcpp: 16.0.9 (/opt/ros/humble/share/rclcpp/cmake)
[0.172s] -- Found rosidl_generator_c: 3.1.5 (/opt/ros/humble/share/rosidl_generator_c/cmake)
[0.174s] -- Found rosidl_adapter: 3.1.5 (/opt/ros/humble/share/rosidl_adapter/cmake)
[0.180s] -- Found rosidl_generator_cpp: 3.1.5 (/opt/ros/humble/share/rosidl_generator_cpp/cmake)
[0.189s] -- Using all available rosidl_typesupport_c: rosidl_typesupport_fastrtps_c;rosidl_typesupport_introspection_c
[0.200s] -- Using all available rosidl_typesupport_cpp: rosidl_typesupport_fastrtps_cpp;rosidl_typesupport_introspection_cpp
[0.240s] -- Found rmw_implementation_cmake: 6.1.2 (/opt/ros/humble/share/rmw_implementation_cmake/cmake)
[0.242s] -- Found rmw_fastrtps_cpp: 6.2.6 (/opt/ros/humble/share/rmw_fastrtps_cpp/cmake)
[0.288s] -- Found OpenSSL: /usr/lib/x86_64-linux-gnu/libcrypto.so (found version "3.0.2")
[0.300s] -- Found FastRTPS: /opt/ros/humble/include
[0.323s] -- Using RMW implementation 'rmw_fastrtps_cpp' as default
[0.416s] -- Found sensor_msgs: 4.2.4 (/opt/ros/humble/share/sensor_msgs/cmake)
[0.484s] -- Found ament_lint_auto: 0.12.11 (/opt/ros/humble/share/ament_lint_auto/cmake)
[0.485s] -- Found gtest sources under '/opt/ros/humble/src/gtest_vendor': C++ tests using 'Google Test' will be built
[0.527s] -- Added test 'copyright' to check source files copyright and LICENSE
[0.528s] -- Added test 'cppcheck' to perform static code analysis on C / C++ code
[0.528s] -- Configured cppcheck include dirs: /home/sultan/ros2_ws/src/open3d_conversions/include;$<BUILD_INTERFACE:/home/sultan/ros2_ws/src/open3d_conversions/include>
[0.528s] -- Configured cppcheck exclude dirs and/or files: 
[0.528s] -- Added test 'cpplint' to check C / C++ code against the Google style
[0.528s] -- Configured cpplint exclude dirs and/or files: 
[0.529s] -- Added test 'lint_cmake' to check CMake code style
[0.529s] -- Added test 'uncrustify' to check C / C++ code style
[0.529s] -- Configured uncrustify additional arguments: 
[0.530s] -- Added test 'xmllint' to check XML markup files
[0.532s] -- Configuring done (0.5s)
[0.541s] -- Generating done (0.0s)
[0.542s] -- Build files have been written to: /home/sultan/ros2_ws/build/open3d_conversions
[0.547s] Invoked command in '/home/sultan/ros2_ws/build/open3d_conversions' returned '0': CMAKE_PREFIX_PATH=/home/sultan/ros2_ws/install/pick_and_place:/opt/ros/humble /usr/bin/cmake /home/sultan/ros2_ws/src/open3d_conversions -DCMAKE_INSTALL_PREFIX=/home/sultan/ros2_ws/install/open3d_conversions
[0.547s] Invoking command in '/home/sultan/ros2_ws/build/open3d_conversions': CMAKE_PREFIX_PATH=/home/sultan/ros2_ws/install/pick_and_place:/opt/ros/humble /usr/bin/cmake --build /home/sultan/ros2_ws/build/open3d_conversions -- -j28 -l28
[0.561s] [ 12%] [32mBuilding CXX object gtest/CMakeFiles/gtest_main.dir/src/gtest_main.cc.o[0m
[0.561s] [ 25%] [32mBuilding CXX object CMakeFiles/open3d_conversions.dir/src/open3d_conversions.cpp.o[0m
[0.561s] [ 37%] [32mBuilding CXX object gtest/CMakeFiles/gtest.dir/src/gtest-all.cc.o[0m
[0.817s] [ 50%] [32m[1mLinking CXX static library libgtest_main.a[0m
[0.840s] [ 50%] Built target gtest_main
[1.793s] [ 62%] [32m[1mLinking CXX static library libgtest.a[0m
[1.830s] [ 62%] Built target gtest
[2.503s] [ 75%] [32m[1mLinking CXX shared library libopen3d_conversions.so[0m
[2.605s] [ 75%] Built target open3d_conversions
[2.610s] [ 87%] [32mBuilding CXX object CMakeFiles/test_open3d_conversions.dir/test/test_open3d_conversions.cpp.o[0m
[5.992s] [100%] [32m[1mLinking CXX executable test_open3d_conversions[0m
[6.199s] [100%] Built target test_open3d_conversions
[6.210s] Invoked command in '/home/sultan/ros2_ws/build/open3d_conversions' returned '0': CMAKE_PREFIX_PATH=/home/sultan/ros2_ws/install/pick_and_place:/opt/ros/humble /usr/bin/cmake --build /home/sultan/ros2_ws/build/open3d_conversions -- -j28 -l28
[6.223s] Invoking command in '/home/sultan/ros2_ws/build/open3d_conversions': CMAKE_PREFIX_PATH=/home/sultan/ros2_ws/install/pick_and_place:/opt/ros/humble /usr/bin/cmake --install /home/sultan/ros2_ws/build/open3d_conversions
[6.225s] -- Install configuration: ""
[6.225s] -- Installing: /home/sultan/ros2_ws/install/open3d_conversions/include
[6.225s] -- Installing: /home/sultan/ros2_ws/install/open3d_conversions/include/open3d_conversions
[6.225s] -- Installing: /home/sultan/ros2_ws/install/open3d_conversions/include/open3d_conversions/visibility_control.h
[6.225s] -- Installing: /home/sultan/ros2_ws/install/open3d_conversions/include/open3d_conversions/open3d_conversions.hpp
[6.225s] -- Installing: /home/sultan/ros2_ws/install/open3d_conversions/lib/libopen3d_conversions.so
[6.225s] -- Set non-toolchain portion of runtime path of "/home/sultan/ros2_ws/install/open3d_conversions/lib/libopen3d_conversions.so" to ""
[6.225s] -- Installing: /home/sultan/ros2_ws/install/open3d_conversions/share/open3d_conversions/environment/library_path.sh
[6.225s] -- Installing: /home/sultan/ros2_ws/install/open3d_conversions/share/open3d_conversions/environment/library_path.dsv
[6.225s] -- Installing: /home/sultan/ros2_ws/install/open3d_conversions/share/ament_index/resource_index/package_run_dependencies/open3d_conversions
[6.225s] -- Installing: /home/sultan/ros2_ws/install/open3d_conversions/share/ament_index/resource_index/parent_prefix_path/open3d_conversions
[6.226s] -- Installing: /home/sultan/ros2_ws/install/open3d_conversions/share/open3d_conversions/environment/ament_prefix_path.sh
[6.226s] -- Installing: /home/sultan/ros2_ws/install/open3d_conversions/share/open3d_conversions/environment/ament_prefix_path.dsv
[6.226s] -- Installing: /home/sultan/ros2_ws/install/open3d_conversions/share/open3d_conversions/environment/path.sh
[6.226s] -- Installing: /home/sultan/ros2_ws/install/open3d_conversions/share/open3d_conversions/environment/path.dsv
[6.226s] -- Installing: /home/sultan/ros2_ws/install/open3d_conversions/share/open3d_conversions/local_setup.bash
[6.226s] -- Installing: /home/sultan/ros2_ws/install/open3d_conversions/share/open3d_conversions/local_setup.sh
[6.226s] -- Installing: /home/sultan/ros2_ws/install/open3d_conversions/share/open3d_conversions/local_setup.zsh
[6.226s] -- Installing: /home/sultan/ros2_ws/install/open3d_conversions/share/open3d_conversions/local_setup.dsv
[6.226s] -- Installing: /home/sultan/ros2_ws/install/open3d_conversions/share/open3d_conversions/package.dsv
[6.226s] -- Installing: /home/sultan/ros2_ws/install/open3d_conversions/share/ament_index/resource_index/packages/open3d_conversions
[6.226s] -- Installing: /home/sultan/ros2_ws/install/open3d_conversions/share/open3d_conversions/cmake/export_open3d_conversionsExport.cmake
[6.226s] -- Installing: /home/sultan/ros2_ws/install/open3d_conversions/share/open3d_conversions/cmake/export_open3d_conversionsExport-noconfig.cmake
[6.226s] -- Installing: /home/sultan/ros2_ws/install/open3d_conversions/share/open3d_conversions/cmake/ament_cmake_export_include_directories-extras.cmake
[6.226s] -- Installing: /home/sultan/ros2_ws/install/open3d_conversions/share/open3d_conversions/cmake/ament_cmake_export_libraries-extras.cmake
[6.226s] -- Installing: /home/sultan/ros2_ws/install/open3d_conversions/share/open3d_conversions/cmake/ament_cmake_export_targets-extras.cmake
[6.226s] -- Installing: /home/sultan/ros2_ws/install/open3d_conversions/share/open3d_conversions/cmake/ament_cmake_export_dependencies-extras.cmake
[6.226s] -- Installing: /home/sultan/ros2_ws/install/open3d_conversions/share/open3d_conversions/cmake/open3d_conversionsConfig.cmake
[6.226s] -- Installing: /home/sultan/ros2_ws/install/open3d_conversions/share/open3d_conversions/cmake/open3d_conversionsConfig-version.cmake
[6.226s] -- Installing: /home/sultan/ros2_ws/install/open3d_conversions/share/open3d_conversions/package.xml
[6.227s] Invoked command in '/home/sultan/ros2_ws/build/open3d_conversions' returned '0': CMAKE_PREFIX_PATH=/home/sultan/ros2_ws/install/pick_and_place:/opt/ros/humble /usr/bin/cmake --install /home/sultan/ros2_ws/build/open3d_conversions
