[0.308s] Invoking command in '/home/sultan/ros2_ws/src/pick_and_place': PYTHONPATH=/home/sultan/ros2_ws/build/pick_and_place/prefix_override:/usr/lib/python3/dist-packages/colcon_core/task/python/colcon_distutils_commands:/home/sultan/ros2_ws/install/pick_and_place/lib/python3.10/site-packages:${PYTHONPATH} /usr/bin/python3 -W ignore:setup.py install is deprecated setup.py egg_info --egg-base ../../build/pick_and_place build --build-base /home/sultan/ros2_ws/build/pick_and_place/build install --record /home/sultan/ros2_ws/build/pick_and_place/install.log --single-version-externally-managed install_data
[0.420s] running egg_info
[0.420s] writing ../../build/pick_and_place/pick_and_place.egg-info/PKG-INFO
[0.420s] writing dependency_links to ../../build/pick_and_place/pick_and_place.egg-info/dependency_links.txt
[0.420s] writing entry points to ../../build/pick_and_place/pick_and_place.egg-info/entry_points.txt
[0.420s] writing requirements to ../../build/pick_and_place/pick_and_place.egg-info/requires.txt
[0.420s] writing top-level names to ../../build/pick_and_place/pick_and_place.egg-info/top_level.txt
[0.421s] reading manifest file '../../build/pick_and_place/pick_and_place.egg-info/SOURCES.txt'
[0.421s] adding license file 'LICENSE'
[0.421s] writing manifest file '../../build/pick_and_place/pick_and_place.egg-info/SOURCES.txt'
[0.421s] running build
[0.421s] running build_py
[0.421s] copying pick_and_place/depth_map_pub.py -> /home/sultan/ros2_ws/build/pick_and_place/build/lib/pick_and_place
[0.422s] running install
[0.422s] running install_lib
[0.422s] copying /home/sultan/ros2_ws/build/pick_and_place/build/lib/pick_and_place/depth_map_pub.py -> /home/sultan/ros2_ws/install/pick_and_place/lib/python3.10/site-packages/pick_and_place
[0.422s] byte-compiling /home/sultan/ros2_ws/install/pick_and_place/lib/python3.10/site-packages/pick_and_place/depth_map_pub.py to depth_map_pub.cpython-310.pyc
[0.423s] running install_data
[0.423s] running install_egg_info
[0.424s] removing '/home/sultan/ros2_ws/install/pick_and_place/lib/python3.10/site-packages/pick_and_place-0.0.0-py3.10.egg-info' (and everything under it)
[0.424s] Copying ../../build/pick_and_place/pick_and_place.egg-info to /home/sultan/ros2_ws/install/pick_and_place/lib/python3.10/site-packages/pick_and_place-0.0.0-py3.10.egg-info
[0.424s] running install_scripts
[0.433s] Installing depth script to /home/sultan/ros2_ws/install/pick_and_place/lib/pick_and_place
[0.433s] Installing depth_sub script to /home/sultan/ros2_ws/install/pick_and_place/lib/pick_and_place
[0.434s] writing list of installed files to '/home/sultan/ros2_ws/build/pick_and_place/install.log'
[0.444s] Invoked command in '/home/sultan/ros2_ws/src/pick_and_place' returned '0': PYTHONPATH=/home/sultan/ros2_ws/build/pick_and_place/prefix_override:/usr/lib/python3/dist-packages/colcon_core/task/python/colcon_distutils_commands:/home/sultan/ros2_ws/install/pick_and_place/lib/python3.10/site-packages:${PYTHONPATH} /usr/bin/python3 -W ignore:setup.py install is deprecated setup.py egg_info --egg-base ../../build/pick_and_place build --build-base /home/sultan/ros2_ws/build/pick_and_place/build install --record /home/sultan/ros2_ws/build/pick_and_place/install.log --single-version-externally-managed install_data
