-- The C compiler identification is GNU 11.4.0
-- The CXX compiler identification is GNU 11.4.0
-- Detecting C compiler ABI info
-- Detecting C compiler ABI info - done
-- Check for working C compiler: /usr/bin/cc - skipped
-- Detecting C compile features
-- Detecting C compile features - done
-- Detecting CXX compiler ABI info
-- Detecting CXX compiler ABI info - done
-- Check for working CXX compiler: /usr/bin/c++ - skipped
-- Detecting CXX compile features
-- Detecting CXX compile features - done
-- Found ament_cmake: 1.3.9 (/opt/ros/humble/share/ament_cmake/cmake)
-- Found ament_cmake_ros: 0.10.0 (/opt/ros/humble/share/ament_cmake_ros/cmake)
[31mCMake Error at CMakeLists.txt:13 (find_package):
  By not providing "FindOpen3D.cmake" in CMAKE_MODULE_PATH this project has
  asked CMake to find a package configuration file provided by "Open3D", but
  CMake did not find one.

  Could not find a package configuration file provided by "Open3D" with any
  of the following names:

    Open3DConfig.cmake
    open3d-config.cmake

  Add the installation prefix of "Open3D" to CMAKE_PREFIX_PATH or set
  "Open3D_DIR" to a directory containing one of the above files.  If "Open3D"
  provides a separate development package or SDK, be sure it has been
  installed.

[0m
-- Configuring incomplete, errors occurred!
