[0.006s] Invoking command in '/home/sultan/ros2_ws/build/open3d_conversions': CMAKE_PREFIX_PATH=/home/sultan/ros2_ws/install/pick_and_place:/opt/ros/humble /usr/bin/cmake /home/sultan/ros2_ws/src/open3d_conversions -DCMAKE_INSTALL_PREFIX=/home/sultan/ros2_ws/install/open3d_conversions
[0.016s] -- Found ament_cmake: 1.3.9 (/opt/ros/humble/share/ament_cmake/cmake)
[0.106s] -- Found ament_cmake_ros: 0.10.0 (/opt/ros/humble/share/ament_cmake_ros/cmake)
[0.112s] [31mCMake Error at CMakeLists.txt:13 (find_package):
[0.112s]   By not providing "FindOpen3D.cmake" in CMAKE_MODULE_PATH this project has
[0.112s]   asked CMake to find a package configuration file provided by "Open3D", but
[0.112s]   CMake did not find one.
[0.112s] 
[0.112s]   Could not find a package configuration file provided by "Open3D" with any
[0.112s]   of the following names:
[0.112s] 
[0.112s]     Open3DConfig.cmake
[0.112s]     open3d-config.cmake
[0.112s] 
[0.112s]   Add the installation prefix of "Open3D" to CMAKE_PREFIX_PATH or set
[0.112s]   "Open3D_DIR" to a directory containing one of the above files.  If "Open3D"
[0.112s]   provides a separate development package or SDK, be sure it has been
[0.112s]   installed.
[0.112s] 
[0.112s] [0m
[0.112s] -- Configuring incomplete, errors occurred!
[0.115s] Invoked command in '/home/sultan/ros2_ws/build/open3d_conversions' returned '1': CMAKE_PREFIX_PATH=/home/sultan/ros2_ws/install/pick_and_place:/opt/ros/humble /usr/bin/cmake /home/sultan/ros2_ws/src/open3d_conversions -DCMAKE_INSTALL_PREFIX=/home/sultan/ros2_ws/install/open3d_conversions
